<?xml version="1.0" encoding="UTF-8"?>
<!-- Generated by org.testng.reporters.JUnitReportReporter -->
<testsuite skipped="0" hostname="DSK738-B1" name="MobileTesting.demo.Amazondemo" tests="1" failures="0" timestamp="23 May 2019 09:31:01 GMT" time="70.877" errors="0">
  <testcase name="testCase" time="70.877" classname="MobileTesting.demo.Amazondemo"/>
</testsuite> <!-- MobileTesting.demo.Amazondemo -->
